<?xml version="1.0" encoding="UTF-8"?>
<!-- Generated by org.testng.reporters.JUnitReportReporter -->
<testsuite skipped="0" hostname="Sohi" name="testCases.TC002_verfiyAddPayee" tests="1" failures="0" timestamp="26 Sep 2020 05:54:31 GMT" time="25.407" errors="0">
  <testcase name="verfiyAddPayee" time="25.407" classname="testCases.TC002_verfiyAddPayee"/>
</testsuite> <!-- testCases.TC002_verfiyAddPayee -->
