<?xml version="1.0" encoding="UTF-8"?>
<!-- Generated by org.testng.reporters.JUnitReportReporter -->
<testsuite skipped="0" hostname="Sohi" name="testCases.TC004_verifyPayBills" tests="1" failures="0" timestamp="26 Sep 2020 05:54:31 GMT" time="27.155" errors="0">
  <testcase name="payBills" time="27.155" classname="testCases.TC004_verifyPayBills"/>
</testsuite> <!-- testCases.TC004_verifyPayBills -->
