<?xml version="1.0" encoding="UTF-8"?>
<!-- Generated by org.testng.reporters.JUnitReportReporter -->
<testsuite skipped="0" hostname="Sohi" name="testCases.TC006_verfiyPurchaseForeignCurrency" tests="1" failures="0" timestamp="26 Sep 2020 05:54:31 GMT" time="23.323" errors="0">
  <testcase name="foreignCurrency" time="23.323" classname="testCases.TC006_verfiyPurchaseForeignCurrency"/>
</testsuite> <!-- testCases.TC006_verfiyPurchaseForeignCurrency -->
