<?xml version="1.0" encoding="UTF-8"?>
<!-- Generated by org.testng.reporters.JUnitReportReporter -->
<testsuite skipped="0" hostname="Sohi" name="testCases.TC001_verfiyLogin" tests="1" failures="0" timestamp="26 Sep 2020 06:03:41 GMT" time="15.008" errors="0">
  <testcase name="verifyLogin" time="15.008" classname="testCases.TC001_verfiyLogin"/>
</testsuite> <!-- testCases.TC001_verfiyLogin -->
