<?xml version="1.0" encoding="UTF-8"?>
<!-- Generated by org.testng.reporters.JUnitReportReporter -->
<testsuite skipped="0" hostname="Sohi" name="testCases.TC003_verfiyOnlineStatementDownload" tests="1" failures="0" timestamp="26 Sep 2020 06:24:06 GMT" time="23.993" errors="0">
  <testcase name="OnlineStatementdownload" time="23.993" classname="testCases.TC003_verfiyOnlineStatementDownload"/>
</testsuite> <!-- testCases.TC003_verfiyOnlineStatementDownload -->
