<?xml version="1.0" encoding="UTF-8"?>
<!-- Generated by org.testng.reporters.JUnitReportReporter -->
<testsuite skipped="0" hostname="Sohi" name="testCases.TC007_verfiyMoreServices" tests="1" failures="0" timestamp="26 Sep 2020 05:54:31 GMT" time="8.618" errors="0">
  <testcase name="moreServices" time="8.618" classname="testCases.TC007_verfiyMoreServices"/>
</testsuite> <!-- testCases.TC007_verfiyMoreServices -->
