<?xml version="1.0" encoding="UTF-8"?>
<!-- Generated by org.testng.reporters.JUnitReportReporter -->
<testsuite skipped="0" hostname="Sohi" name="testCases.TC005_verifyTransferFunds" tests="1" failures="0" timestamp="26 Sep 2020 05:54:31 GMT" time="21.947" errors="0">
  <testcase name="tranferFunds" time="21.947" classname="testCases.TC005_verifyTransferFunds"/>
</testsuite> <!-- testCases.TC005_verifyTransferFunds -->
