<?xml version="1.0" encoding="UTF-8"?>
<!-- Generated by org.testng.reporters.JUnitReportReporter -->
<testsuite skipped="0" hostname="Sohi" name="testCases.TC008_verifyForgetPassword" tests="1" failures="0" timestamp="26 Sep 2020 05:54:31 GMT" time="3.771" errors="0">
  <testcase name="verfiyforgetpwd" time="3.771" classname="testCases.TC008_verifyForgetPassword"/>
</testsuite> <!-- testCases.TC008_verifyForgetPassword -->
